\\dougal\cs2u$\mxh03u\desktop\cpp_cw2015\debug\courseworkbase.bsc
\\dougal\cs2u$\mxh03u\desktop\cpp_cw2015\debug\vc120.pdb
\\dougal\cs2u$\mxh03u\desktop\cpp_cw2015\debug\vc120.idb
\\dougal\cs2u$\mxh03u\desktop\cpp_cw2015\debug\baseengine.sbr
\\dougal\cs2u$\mxh03u\desktop\cpp_cw2015\debug\displayableobject.sbr
\\dougal\cs2u$\mxh03u\desktop\cpp_cw2015\debug\fontmanager.sbr
\\dougal\cs2u$\mxh03u\desktop\cpp_cw2015\debug\jpgimage.sbr
\\dougal\cs2u$\mxh03u\desktop\cpp_cw2015\debug\mxh03udisplayableobject.sbr
\\dougal\cs2u$\mxh03u\desktop\cpp_cw2015\debug\mxh03uenemybase.sbr
\\dougal\cs2u$\mxh03u\desktop\cpp_cw2015\debug\mxh03ulivingentity.sbr
\\dougal\cs2u$\mxh03u\desktop\cpp_cw2015\debug\mxh03umain.sbr
\\dougal\cs2u$\mxh03u\desktop\cpp_cw2015\debug\mxh03uplayer.sbr
\\dougal\cs2u$\mxh03u\desktop\cpp_cw2015\debug\mxh03utilemanager.sbr
\\dougal\cs2u$\mxh03u\desktop\cpp_cw2015\debug\simpledemo.sbr
\\dougal\cs2u$\mxh03u\desktop\cpp_cw2015\debug\tilemanager.sbr
\\dougal\cs2u$\mxh03u\desktop\cpp_cw2015\debug\bouncingball.sbr
\\dougal\cs2u$\mxh03u\desktop\cpp_cw2015\debug\bouncingballmain.sbr
\\dougal\cs2u$\mxh03u\desktop\cpp_cw2015\debug\demo1main.sbr
\\dougal\cs2u$\mxh03u\desktop\cpp_cw2015\debug\demo2main.sbr
\\dougal\cs2u$\mxh03u\desktop\cpp_cw2015\debug\demo2object.sbr
\\dougal\cs2u$\mxh03u\desktop\cpp_cw2015\debug\demo2tilemanager.sbr
\\dougal\cs2u$\mxh03u\desktop\cpp_cw2015\debug\demo3main.sbr
\\dougal\cs2u$\mxh03u\desktop\cpp_cw2015\debug\demo3main.obj
\\dougal\cs2u$\mxh03u\desktop\cpp_cw2015\debug\demo2tilemanager.obj
\\dougal\cs2u$\mxh03u\desktop\cpp_cw2015\debug\demo2object.obj
\\dougal\cs2u$\mxh03u\desktop\cpp_cw2015\debug\demo2main.obj
\\dougal\cs2u$\mxh03u\desktop\cpp_cw2015\debug\demo1main.obj
\\dougal\cs2u$\mxh03u\desktop\cpp_cw2015\debug\bouncingballmain.obj
\\dougal\cs2u$\mxh03u\desktop\cpp_cw2015\debug\bouncingball.obj
\\dougal\cs2u$\mxh03u\desktop\cpp_cw2015\debug\tilemanager.obj
\\dougal\cs2u$\mxh03u\desktop\cpp_cw2015\debug\simpledemo.obj
\\dougal\cs2u$\mxh03u\desktop\cpp_cw2015\debug\mxh03utilemanager.obj
\\dougal\cs2u$\mxh03u\desktop\cpp_cw2015\debug\mxh03uplayer.obj
\\dougal\cs2u$\mxh03u\desktop\cpp_cw2015\debug\mxh03umain.obj
\\dougal\cs2u$\mxh03u\desktop\cpp_cw2015\debug\mxh03ulivingentity.obj
\\dougal\cs2u$\mxh03u\desktop\cpp_cw2015\debug\mxh03uenemybase.obj
\\dougal\cs2u$\mxh03u\desktop\cpp_cw2015\debug\mxh03udisplayableobject.obj
\\dougal\cs2u$\mxh03u\desktop\cpp_cw2015\debug\jpgimage.obj
\\dougal\cs2u$\mxh03u\desktop\cpp_cw2015\debug\fontmanager.obj
\\dougal\cs2u$\mxh03u\desktop\cpp_cw2015\debug\displayableobject.obj
\\dougal\cs2u$\mxh03u\desktop\cpp_cw2015\debug\baseengine.obj
\\dougal\cs2u$\mxh03u\desktop\cpp_cw2015\debug\mainfunction.obj
\\dougal\cs2u$\mxh03u\desktop\cpp_cw2015\debug\demo3object.sbr
\\dougal\cs2u$\mxh03u\desktop\cpp_cw2015\debug\demo3objectfinished.sbr
\\dougal\cs2u$\mxh03u\desktop\cpp_cw2015\debug\demo3tilemanager.sbr
\\dougal\cs2u$\mxh03u\desktop\cpp_cw2015\debug\demo4main.sbr
\\dougal\cs2u$\mxh03u\desktop\cpp_cw2015\debug\demo4object.sbr
\\dougal\cs2u$\mxh03u\desktop\cpp_cw2015\debug\demo4tilemanager.sbr
\\dougal\cs2u$\mxh03u\desktop\cpp_cw2015\debug\demo4tilemanager.obj
\\dougal\cs2u$\mxh03u\desktop\cpp_cw2015\debug\demo4object.obj
\\dougal\cs2u$\mxh03u\desktop\cpp_cw2015\debug\demo4main.obj
\\dougal\cs2u$\mxh03u\desktop\cpp_cw2015\debug\demo3tilemanager.obj
\\dougal\cs2u$\mxh03u\desktop\cpp_cw2015\debug\demo3objectfinished.obj
\\dougal\cs2u$\mxh03u\desktop\cpp_cw2015\debug\demo3object.obj
\\dougal\cs2u$\mxh03u\desktop\cpp_cw2015\debug\mainfunction.sbr
\\dougal\cs2u$\mxh03u\desktop\cpp_cw2015\debug\mxh03uenemyskeleton.sbr
\\dougal\cs2u$\mxh03u\desktop\cpp_cw2015\debug\mxh03uenemyskeleton.obj
\\dougal\cs2u$\mxh03u\desktop\cpp_cw2015\debug\courseworkbase.pdb
\\dougal\cs2u$\mxh03u\desktop\cpp_cw2015\debug\courseworkbase.ilk
\\dougal\cs2u$\mxh03u\desktop\cpp_cw2015\/debug\courseworkbase.pdb
\\dougal\cs2u$\mxh03u\desktop\cpp_cw2015\/debug\courseworkbase.exe
\\dougal\cs2u$\mxh03u\desktop\cpp_cw2015\/debug\courseworkbase.bsc
\\dougal\cs2u$\mxh03u\desktop\cpp_cw2015\/debug\courseworkbase.ilk
\\dougal\cs2u$\mxh03u\desktop\cpp_cw2015\debug\courseworkbase.tlog\bscmake.command.1.tlog
\\dougal\cs2u$\mxh03u\desktop\cpp_cw2015\debug\courseworkbase.tlog\bscmake.read.1.tlog
\\dougal\cs2u$\mxh03u\desktop\cpp_cw2015\debug\courseworkbase.tlog\bscmake.write.1.tlog
\\dougal\cs2u$\mxh03u\desktop\cpp_cw2015\debug\courseworkbase.tlog\cl.command.1.tlog
\\dougal\cs2u$\mxh03u\desktop\cpp_cw2015\debug\courseworkbase.tlog\cl.read.1.tlog
\\dougal\cs2u$\mxh03u\desktop\cpp_cw2015\debug\courseworkbase.tlog\cl.write.1.tlog
\\dougal\cs2u$\mxh03u\desktop\cpp_cw2015\debug\courseworkbase.tlog\link.command.1.tlog
\\dougal\cs2u$\mxh03u\desktop\cpp_cw2015\debug\courseworkbase.tlog\link.read.1.tlog
\\dougal\cs2u$\mxh03u\desktop\cpp_cw2015\debug\courseworkbase.tlog\link.write.1.tlog
